<?xml version="1.0" encoding="UTF-8"?>
<!-- Generated by org.testng.reporters.JUnitXMLReporter -->
<testsuite ignored="1" hostname="LAPTOP-VGV32DM1" failures="0" tests="3" name="GRP-regression" time="0.113" errors="0" timestamp="2021-04-10T19:52:28 EDT">
  <testcase classname="com.testng.GroupTest" name="logoutTestb" time="0.015"/>
  <testcase classname="com.testng.GroupTest" name="logoutTestc" time="0.001"/>
  <testcase classname="com.testng.GroupTest" name="loginTesta" time="0.004"/>
  <testcase classname="com.testng.GroupTest" name="logoutTestd" time="0.0">
    <ignored/>
  </testcase> <!-- logoutTestd -->
</testsuite> <!-- GRP-regression -->
