<?xml version="1.0" encoding="UTF-8"?>
<!-- Generated by org.testng.reporters.JUnitXMLReporter -->
<testsuite ignored="2" hostname="LAPTOP-VGV32DM1" failures="0" tests="2" name="GRP-bvt" time="0.136" errors="0" timestamp="2021-04-10T19:51:31 EDT">
  <testcase classname="com.testng.GroupTest" name="logoutTestb" time="0.017"/>
  <testcase classname="com.testng.GroupTest" name="logoutTestd" time="0.005"/>
  <testcase classname="com.testng.GroupTest" name="loginTesta" time="0.0">
    <ignored/>
  </testcase> <!-- loginTesta -->
  <testcase classname="com.testng.GroupTest" name="logoutTestc" time="0.0">
    <ignored/>
  </testcase> <!-- logoutTestc -->
</testsuite> <!-- GRP-bvt -->
