<?xml version="1.0" encoding="UTF-8"?>
<!-- Generated by org.testng.reporters.JUnitXMLReporter -->
<testsuite ignored="0" hostname="LAPTOP-VGV32DM1" failures="0" tests="4" name="Functional Testing" time="0.163" errors="0" timestamp="2021-04-12T14:15:55 EDT">
  <testcase classname="com.testng.GroupTest" name="logoutTestb" time="0.018"/>
  <testcase classname="com.testng.GroupTest" name="logoutTestc" time="0.005"/>
  <testcase classname="com.testng.GroupTest" name="logoutTestd" time="0.008"/>
  <testcase classname="com.testng.GroupTest" name="loginTesta" time="0.005"/>
</testsuite> <!-- Functional Testing -->
